206
xxxcjvsmjw
llfodsoqem
llzcqmsvii
lldcpjkoat
ppunugilyh
ppjmijujxf
ppaoviuykh
aaaqnxfjnc
llrrdoljvg
ffwaoebgsd
llijdlswpy
ffrrdkvekw
nnnthixfdl
ggvaqnfiby
ffmbiztcxv
ggdaxxwkrw
vvvsobdavt
llkqjmxucz
ffawdwjfvf
ggtgpnsxyu
pphuemzilk
jjjophkhvy
ffwyewaghd
gglnhyosht
ggaulctols
ppvaaghryd
ppmdzspusz
vvvwobekto
ccctdtxxku
bbbplqdzte
yyynminklj
pptigecjlx
ooojmvylcf
dddctccgkr
lldrusoxff
wwwlqvjtaz
aaakuorhwj
lltsvnouad
llahqdqvpg
gghazzgnqi
ggzgacoitx
ppvryxifmq
ffieiaghzt
eeeepemoyd
ggnokwzswq
dddyzlryhg
ppktjpoqvd
ggmmtzooer
ggijntghck
llemdryght
llmntmpttn
ffhivdatoe
ppeeiopwyf
ffxhimydpc
ggudqzpwyg
cccjwtjeng
llqoyfdlni
ppbbcihnyv
xxxfonrsnj
llvhapaymm
ppkoobopap
llifxgykdw
llawfwdmpm
llcckbxspr
llejyelfsi
ffcmeehqyb
ggepfamvdc
ggfztihypm
jjjhecfbov
yyyjvqxfbo
mmmxbyxmob
ooocrniqkj
bbbrcuaaek
vvvnymphas
qqqnponbqe
llekfhmrss
jjjewfoott
llfijtogds
ffykjkxpcj
ppvhtldizo
uuueyxtplv
ffbzmrzoak
kkkmtuiygr
ppukiavmjf
ggobnlzjqd
lldmpfadrx
llskjwzrkm
kkkfgwjdqa
ppgcqsovpc
ffhelykpas
ooounovfcm
iiimbuyznw
ffbnifkzri
llsdfjngsf
ggdeenqzsm
ggxfqojvxv
ffapfkbfup
lljoihaqul
wwwlnqydkf
tttkomwgaa
llbwecykwt
kkkwqmindd
pprcwxkbov
llhfvddxgn
ppxipzjkrt
ggiadcwxna
ggeteaptpm
ggwovjibhr
ffdtwdfbeb
ffsictpwfo
ggpyovhque
llnjaiemma
pphgkmrgmm
ggljcublsk
uuuncjxnyq
ggipboitmo
ffcduswvcu
llkroxmlck
ggesrikurk
ffdnjjjzjl
ppjktihizt
ggxsmzlunw
llnatmbloa
ggyeldomwu
uuuxiwqooi
llfedkqoiq
zzzyyvraky
fftzwvjunx
llxfdjoinb
lldixbxgad
pplhxmzsnb
llhaepnyhu
ggubmvrjnx
ggyojoekjy
ffudbfecrt
llmgguoeig
xxxhfzazjt
ggkzmgcxnj
ffmeekanzy
lldjdxkenn
rrruztsale
ppyhnpatfm
llyomsxnat
ppobkzfffn
ggrnqwnotl
lltxnpnvyi
llolrfaewt
gghruwvpiv
ffheriyyyk
ppagyanbhv
ggimnhtzei
gglzxbadpz
yyybmuoblg
ffakinhrdv
ppclpaybxc
ppditfkwcy
pplcdamovh
ppgwwwbytd
sssyrmjzbp
zzzjovoeri
ggnxcoqvwa
ggklztuhur
ppjzvstlib
ggytnlmkgt
ggrtgnuhts
uuuqvfuovw
ppurmmqslj
ffwkukvsll
sssfsqoevj
cccuofgfyx
pphjfonqyb
ppsbsgjjzg
ffdqqpipjo
ppsenrnpae
ppdhcmdxvp
tttcwpkpfl
ppnypfcimw
ggkccpadzb
gghpgytryw
ffkkebfpmb
ffsuibojzi
llkasengdw
ffmnbkjjtg
tttcgypnpp
vvvanbatof
ppvjukybes
llujwraktd
llpisljupi
ppffqtmavg
pptwbrhpwk
gghtgygdhh
qqqroczyyp
ppippzqmat
llmxxcclgm
yyyuheidsr
ppsyyrxlpv
hhhwyakdlk
llapbqtzcw
ffwxwhynew
ggwxlxsedl
ooozpywtfa
mmmhltqycj
pptoyaubwa
gglodurnhz
ggnutowqyz
ggurlnacbi
